<?xml version="1.0" encoding="UTF-8"?>
<coverage generated="1668573905259" clover="3.2.0">
  <project timestamp="1668573905259" name="All files">
    <metrics statements="229" coveredstatements="139" conditionals="82" coveredconditionals="34" methods="30" coveredmethods="22" elements="341" coveredelements="195" complexity="0" loc="229" ncloc="229" packages="2" files="4" classes="4"/>
    <package name="components.classes">
      <metrics statements="207" coveredstatements="117" conditionals="82" coveredconditionals="34" methods="30" coveredmethods="22"/>
      <file name="Agent.ts" path="C:\Users\ncoff\OneDrive\Documents\Visual Studio 2017\Pathogen\src\components\classes\Agent.ts">
        <metrics statements="36" coveredstatements="32" conditionals="14" coveredconditionals="5" methods="11" coveredmethods="9"/>
        <line num="23" count="5018" type="stmt"/>
        <line num="24" count="5018" type="stmt"/>
        <line num="25" count="5018" type="stmt"/>
        <line num="26" count="5018" type="cond" truecount="2" falsecount="0"/>
        <line num="27" count="5018" type="stmt"/>
        <line num="28" count="5018" type="stmt"/>
        <line num="29" count="5018" type="cond" truecount="2" falsecount="0"/>
        <line num="30" count="5018" type="stmt"/>
        <line num="31" count="5018" type="stmt"/>
        <line num="32" count="5018" type="stmt"/>
        <line num="33" count="5018" type="stmt"/>
        <line num="34" count="5018" type="stmt"/>
        <line num="35" count="5018" type="stmt"/>
        <line num="41" count="1" type="stmt"/>
        <line num="42" count="1" type="stmt"/>
        <line num="46" count="1" type="stmt"/>
        <line num="47" count="1" type="stmt"/>
        <line num="48" count="1" type="stmt"/>
        <line num="49" count="1" type="stmt"/>
        <line num="50" count="1" type="stmt"/>
        <line num="53" count="1" type="stmt"/>
        <line num="58" count="0" type="cond" truecount="0" falsecount="4"/>
        <line num="63" count="1" type="stmt"/>
        <line num="68" count="1" type="stmt"/>
        <line num="73" count="1" type="stmt"/>
        <line num="74" count="1" type="stmt"/>
        <line num="75" count="1" type="cond" truecount="1" falsecount="1"/>
        <line num="76" count="1" type="stmt"/>
        <line num="81" count="0" type="stmt"/>
        <line num="82" count="0" type="cond" truecount="0" falsecount="4"/>
        <line num="84" count="0" type="stmt"/>
        <line num="89" count="1" type="stmt"/>
        <line num="94" count="1" type="stmt"/>
        <line num="99" count="1" type="stmt"/>
        <line num="100" count="1" type="stmt"/>
        <line num="105" count="1" type="stmt"/>
      </file>
      <file name="Cell.ts" path="C:\Users\ncoff\OneDrive\Documents\Visual Studio 2017\Pathogen\src\components\classes\Cell.ts">
        <metrics statements="11" coveredstatements="10" conditionals="0" coveredconditionals="0" methods="4" coveredmethods="3"/>
        <line num="10" count="108" type="stmt"/>
        <line num="11" count="108" type="stmt"/>
        <line num="12" count="108" type="stmt"/>
        <line num="17" count="108" type="stmt"/>
        <line num="18" count="108" type="stmt"/>
        <line num="19" count="108" type="stmt"/>
        <line num="20" count="108" type="stmt"/>
        <line num="21" count="108" type="stmt"/>
        <line num="24" count="1" type="stmt"/>
        <line num="26" count="1" type="stmt"/>
        <line num="28" count="0" type="stmt"/>
      </file>
      <file name="Grid.ts" path="C:\Users\ncoff\OneDrive\Documents\Visual Studio 2017\Pathogen\src\components\classes\Grid.ts">
        <metrics statements="160" coveredstatements="75" conditionals="68" coveredconditionals="29" methods="15" coveredmethods="10"/>
        <line num="23" count="10" type="stmt"/>
        <line num="24" count="10" type="stmt"/>
        <line num="25" count="10" type="stmt"/>
        <line num="26" count="10" type="stmt"/>
        <line num="27" count="10" type="stmt"/>
        <line num="28" count="10" type="stmt"/>
        <line num="29" count="10" type="stmt"/>
        <line num="30" count="10" type="stmt"/>
        <line num="31" count="10" type="stmt"/>
        <line num="32" count="10" type="stmt"/>
        <line num="33" count="10" type="stmt"/>
        <line num="34" count="10" type="stmt"/>
        <line num="35" count="10" type="stmt"/>
        <line num="40" count="10" type="stmt"/>
        <line num="41" count="10" type="stmt"/>
        <line num="42" count="28" type="stmt"/>
        <line num="43" count="28" type="stmt"/>
        <line num="44" count="105" type="stmt"/>
        <line num="47" count="10" type="stmt"/>
        <line num="52" count="0" type="stmt"/>
        <line num="53" count="0" type="stmt"/>
        <line num="54" count="0" type="stmt"/>
        <line num="55" count="0" type="cond" truecount="0" falsecount="4"/>
        <line num="57" count="0" type="stmt"/>
        <line num="60" count="0" type="stmt"/>
        <line num="61" count="0" type="stmt"/>
        <line num="62" count="0" type="stmt"/>
        <line num="65" count="0" type="stmt"/>
        <line num="66" count="0" type="stmt"/>
        <line num="69" count="0" type="stmt"/>
        <line num="70" count="0" type="stmt"/>
        <line num="73" count="0" type="stmt"/>
        <line num="77" count="0" type="stmt"/>
        <line num="80" count="0" type="stmt"/>
        <line num="81" count="0" type="stmt"/>
        <line num="82" count="0" type="stmt"/>
        <line num="83" count="0" type="stmt"/>
        <line num="84" count="0" type="stmt"/>
        <line num="85" count="0" type="stmt"/>
        <line num="87" count="0" type="stmt"/>
        <line num="93" count="0" type="stmt"/>
        <line num="94" count="0" type="stmt"/>
        <line num="95" count="0" type="stmt"/>
        <line num="98" count="0" type="cond" truecount="0" falsecount="2"/>
        <line num="101" count="0" type="stmt"/>
        <line num="102" count="0" type="stmt"/>
        <line num="103" count="0" type="stmt"/>
        <line num="104" count="0" type="stmt"/>
        <line num="107" count="0" type="stmt"/>
        <line num="110" count="0" type="stmt"/>
        <line num="111" count="0" type="stmt"/>
        <line num="112" count="0" type="stmt"/>
        <line num="115" count="0" type="cond" truecount="0" falsecount="2"/>
        <line num="116" count="0" type="stmt"/>
        <line num="117" count="0" type="stmt"/>
        <line num="118" count="0" type="stmt"/>
        <line num="123" count="0" type="stmt"/>
        <line num="126" count="0" type="stmt"/>
        <line num="128" count="0" type="stmt"/>
        <line num="129" count="0" type="stmt"/>
        <line num="130" count="0" type="stmt"/>
        <line num="133" count="0" type="stmt"/>
        <line num="137" count="0" type="stmt"/>
        <line num="139" count="0" type="cond" truecount="0" falsecount="2"/>
        <line num="142" count="0" type="cond" truecount="0" falsecount="2"/>
        <line num="145" count="0" type="stmt"/>
        <line num="148" count="0" type="cond" truecount="0" falsecount="2"/>
        <line num="149" count="0" type="stmt"/>
        <line num="150" count="0" type="stmt"/>
        <line num="151" count="0" type="stmt"/>
        <line num="152" count="0" type="stmt"/>
        <line num="156" count="0" type="cond" truecount="0" falsecount="4"/>
        <line num="157" count="0" type="stmt"/>
        <line num="158" count="0" type="stmt"/>
        <line num="159" count="0" type="stmt"/>
        <line num="160" count="0" type="stmt"/>
        <line num="161" count="0" type="stmt"/>
        <line num="162" count="0" type="stmt"/>
        <line num="166" count="0" type="stmt"/>
        <line num="169" count="0" type="stmt"/>
        <line num="172" count="0" type="stmt"/>
        <line num="174" count="0" type="stmt"/>
        <line num="180" count="0" type="cond" truecount="0" falsecount="2"/>
        <line num="183" count="0" type="stmt"/>
        <line num="184" count="0" type="stmt"/>
        <line num="187" count="0" type="cond" truecount="0" falsecount="6"/>
        <line num="190" count="0" type="cond" truecount="0" falsecount="4"/>
        <line num="193" count="0" type="stmt"/>
        <line num="196" count="0" type="stmt"/>
        <line num="197" count="0" type="stmt"/>
        <line num="200" count="0" type="cond" truecount="0" falsecount="4"/>
        <line num="201" count="0" type="stmt"/>
        <line num="205" count="0" type="stmt"/>
        <line num="209" count="0" type="stmt"/>
        <line num="210" count="0" type="stmt"/>
        <line num="211" count="0" type="stmt"/>
        <line num="212" count="0" type="stmt"/>
        <line num="213" count="0" type="stmt"/>
        <line num="220" count="1" type="stmt"/>
        <line num="221" count="1" type="stmt"/>
        <line num="227" count="10" type="stmt"/>
        <line num="228" count="10" type="stmt"/>
        <line num="229" count="10" type="stmt"/>
        <line num="232" count="10" type="stmt"/>
        <line num="235" count="10" type="stmt"/>
        <line num="237" count="26" type="stmt"/>
        <line num="240" count="26" type="stmt"/>
        <line num="241" count="26" type="cond" truecount="4" falsecount="0"/>
        <line num="242" count="26" type="cond" truecount="4" falsecount="0"/>
        <line num="243" count="26" type="cond" truecount="4" falsecount="0"/>
        <line num="244" count="26" type="cond" truecount="4" falsecount="0"/>
        <line num="247" count="26" type="stmt"/>
        <line num="250" count="26" type="cond" truecount="2" falsecount="0"/>
        <line num="253" count="8" type="stmt"/>
        <line num="256" count="8" type="stmt"/>
        <line num="259" count="8" type="cond" truecount="2" falsecount="0"/>
        <line num="260" count="7" type="cond" truecount="2" falsecount="0"/>
        <line num="261" count="4" type="cond" truecount="2" falsecount="0"/>
        <line num="262" count="3" type="cond" truecount="1" falsecount="1"/>
        <line num="265" count="8" type="stmt"/>
        <line num="266" count="8" type="stmt"/>
        <line num="271" count="10" type="stmt"/>
        <line num="276" count="11" type="stmt"/>
        <line num="277" count="11" type="stmt"/>
        <line num="278" count="11" type="stmt"/>
        <line num="279" count="5003" type="stmt"/>
        <line num="284" count="11" type="stmt"/>
        <line num="285" count="11" type="stmt"/>
        <line num="290" count="1" type="stmt"/>
        <line num="291" count="1" type="stmt"/>
        <line num="293" count="1" type="stmt"/>
        <line num="294" count="4" type="stmt"/>
        <line num="295" count="4" type="stmt"/>
        <line num="296" count="4" type="stmt"/>
        <line num="297" count="4" type="stmt"/>
        <line num="298" count="4" type="stmt"/>
        <line num="300" count="4" type="stmt"/>
        <line num="301" count="0" type="cond" truecount="0" falsecount="2"/>
        <line num="302" count="0" type="cond" truecount="0" falsecount="2"/>
        <line num="303" count="0" type="stmt"/>
        <line num="306" count="4" type="stmt"/>
        <line num="307" count="4" type="stmt"/>
        <line num="308" count="4" type="stmt"/>
        <line num="312" count="1" type="stmt"/>
        <line num="313" count="1" type="stmt"/>
        <line num="318" count="13" type="stmt"/>
        <line num="319" count="26" type="stmt"/>
        <line num="320" count="68" type="cond" truecount="2" falsecount="0"/>
        <line num="321" count="13" type="stmt"/>
        <line num="325" count="0" type="stmt"/>
        <line num="330" count="1" type="stmt"/>
        <line num="331" count="1" type="stmt"/>
        <line num="332" count="2" type="cond" truecount="2" falsecount="0"/>
        <line num="333" count="1" type="stmt"/>
        <line num="337" count="0" type="stmt"/>
        <line num="341" count="1" type="stmt"/>
        <line num="342" count="1" type="stmt"/>
        <line num="343" count="1" type="stmt"/>
        <line num="347" count="1" type="stmt"/>
        <line num="351" count="0" type="stmt"/>
      </file>
    </package>
    <package name="tools">
      <metrics statements="22" coveredstatements="22" conditionals="0" coveredconditionals="0" methods="0" coveredmethods="0"/>
      <file name="Constants.tsx" path="C:\Users\ncoff\OneDrive\Documents\Visual Studio 2017\Pathogen\src\tools\Constants.tsx">
        <metrics statements="22" coveredstatements="22" conditionals="0" coveredconditionals="0" methods="0" coveredmethods="0"/>
        <line num="4" count="1" type="stmt"/>
        <line num="14" count="1" type="stmt"/>
        <line num="15" count="1" type="stmt"/>
        <line num="16" count="1" type="stmt"/>
        <line num="17" count="1" type="stmt"/>
        <line num="18" count="1" type="stmt"/>
        <line num="19" count="1" type="stmt"/>
        <line num="20" count="1" type="stmt"/>
        <line num="21" count="1" type="stmt"/>
        <line num="22" count="1" type="stmt"/>
        <line num="23" count="1" type="stmt"/>
        <line num="24" count="1" type="stmt"/>
        <line num="25" count="1" type="stmt"/>
        <line num="26" count="1" type="stmt"/>
        <line num="27" count="1" type="stmt"/>
        <line num="29" count="1" type="stmt"/>
        <line num="43" count="1" type="stmt"/>
        <line num="44" count="1" type="stmt"/>
        <line num="45" count="1" type="stmt"/>
        <line num="46" count="1" type="stmt"/>
        <line num="47" count="1" type="stmt"/>
        <line num="48" count="1" type="stmt"/>
      </file>
    </package>
  </project>
</coverage>
