{"C:\\Users\\ncoff\\OneDrive\\Documents\\Visual Studio 2017\\Pathogen\\src\\components\\classes\\Agent.ts": {"path":"C:\\Users\\ncoff\\OneDrive\\Documents\\Visual Studio 2017\\Pathogen\\src\\components\\classes\\Agent.ts","statementMap":{"0":{"start":{"line":23,"column":8},"end":{"line":23,"column":32}},"1":{"start":{"line":24,"column":8},"end":{"line":24,"column":32}},"2":{"start":{"line":25,"column":8},"end":{"line":25,"column":32}},"3":{"start":{"line":26,"column":8},"end":{"line":26,"column":29}},"4":{"start":{"line":27,"column":8},"end":{"line":27,"column":21}},"5":{"start":{"line":28,"column":8},"end":{"line":28,"column":26}},"6":{"start":{"line":29,"column":8},"end":{"line":29,"column":42}},"7":{"start":{"line":30,"column":8},"end":{"line":30,"column":87}},"8":{"start":{"line":31,"column":8},"end":{"line":31,"column":34}},"9":{"start":{"line":32,"column":8},"end":{"line":32,"column":44}},"10":{"start":{"line":33,"column":8},"end":{"line":33,"column":25}},"11":{"start":{"line":34,"column":8},"end":{"line":34,"column":32}},"12":{"start":{"line":35,"column":8},"end":{"line":35,"column":39}},"13":{"start":{"line":41,"column":8},"end":{"line":43,"column":9}},"14":{"start":{"line":42,"column":12},"end":{"line":42,"column":218}},"15":{"start":{"line":46,"column":8},"end":{"line":46,"column":38}},"16":{"start":{"line":47,"column":8},"end":{"line":47,"column":32}},"17":{"start":{"line":48,"column":8},"end":{"line":48,"column":33}},"18":{"start":{"line":49,"column":8},"end":{"line":49,"column":33}},"19":{"start":{"line":50,"column":8},"end":{"line":50,"column":33}},"20":{"start":{"line":53,"column":8},"end":{"line":53,"column":19}},"21":{"start":{"line":58,"column":8},"end":{"line":58,"column":103}},"22":{"start":{"line":63,"column":8},"end":{"line":63,"column":25}},"23":{"start":{"line":68,"column":8},"end":{"line":68,"column":25}},"24":{"start":{"line":73,"column":22},"end":{"line":73,"column":73}},"25":{"start":{"line":74,"column":8},"end":{"line":74,"column":61}},"26":{"start":{"line":75,"column":8},"end":{"line":75,"column":64}},"27":{"start":{"line":75,"column":30},"end":{"line":75,"column":64}},"28":{"start":{"line":76,"column":8},"end":{"line":76,"column":31}},"29":{"start":{"line":81,"column":8},"end":{"line":83,"column":9}},"30":{"start":{"line":82,"column":12},"end":{"line":82,"column":78}},"31":{"start":{"line":82,"column":71},"end":{"line":82,"column":78}},"32":{"start":{"line":84,"column":8},"end":{"line":84,"column":38}},"33":{"start":{"line":89,"column":8},"end":{"line":89,"column":22}},"34":{"start":{"line":94,"column":8},"end":{"line":94,"column":29}},"35":{"start":{"line":99,"column":8},"end":{"line":99,"column":28}},"36":{"start":{"line":100,"column":8},"end":{"line":100,"column":28}},"37":{"start":{"line":105,"column":8},"end":{"line":105,"column":33}}},"fnMap":{"0":{"name":"(anonymous_0)","decl":{"start":{"line":22,"column":4},"end":{"line":22,"column":5}},"loc":{"start":{"line":22,"column":71},"end":{"line":36,"column":5}},"line":22},"1":{"name":"(anonymous_1)","decl":{"start":{"line":38,"column":4},"end":{"line":38,"column":5}},"loc":{"start":{"line":38,"column":13},"end":{"line":54,"column":5}},"line":38},"2":{"name":"(anonymous_2)","decl":{"start":{"line":57,"column":4},"end":{"line":57,"column":5}},"loc":{"start":{"line":57,"column":26},"end":{"line":59,"column":5}},"line":57},"3":{"name":"(anonymous_3)","decl":{"start":{"line":62,"column":4},"end":{"line":62,"column":5}},"loc":{"start":{"line":62,"column":11},"end":{"line":64,"column":5}},"line":62},"4":{"name":"(anonymous_4)","decl":{"start":{"line":67,"column":4},"end":{"line":67,"column":5}},"loc":{"start":{"line":67,"column":13},"end":{"line":69,"column":5}},"line":67},"5":{"name":"(anonymous_5)","decl":{"start":{"line":72,"column":4},"end":{"line":72,"column":5}},"loc":{"start":{"line":72,"column":40},"end":{"line":77,"column":5}},"line":72},"6":{"name":"(anonymous_6)","decl":{"start":{"line":80,"column":4},"end":{"line":80,"column":5}},"loc":{"start":{"line":80,"column":35},"end":{"line":85,"column":5}},"line":80},"7":{"name":"(anonymous_7)","decl":{"start":{"line":88,"column":4},"end":{"line":88,"column":5}},"loc":{"start":{"line":88,"column":27},"end":{"line":90,"column":5}},"line":88},"8":{"name":"(anonymous_8)","decl":{"start":{"line":93,"column":4},"end":{"line":93,"column":5}},"loc":{"start":{"line":93,"column":22},"end":{"line":95,"column":5}},"line":93},"9":{"name":"(anonymous_9)","decl":{"start":{"line":98,"column":4},"end":{"line":98,"column":5}},"loc":{"start":{"line":98,"column":42},"end":{"line":101,"column":5}},"line":98},"10":{"name":"(anonymous_10)","decl":{"start":{"line":104,"column":4},"end":{"line":104,"column":5}},"loc":{"start":{"line":104,"column":18},"end":{"line":106,"column":5}},"line":104}},"branchMap":{"0":{"loc":{"start":{"line":26,"column":19},"end":{"line":26,"column":28}},"type":"binary-expr","locations":[{"start":{"line":26,"column":19},"end":{"line":26,"column":22}},{"start":{"line":26,"column":26},"end":{"line":26,"column":28}}],"line":26},"1":{"loc":{"start":{"line":29,"column":21},"end":{"line":29,"column":41}},"type":"binary-expr","locations":[{"start":{"line":29,"column":21},"end":{"line":29,"column":26}},{"start":{"line":29,"column":30},"end":{"line":29,"column":41}}],"line":29},"2":{"loc":{"start":{"line":58,"column":15},"end":{"line":58,"column":102}},"type":"binary-expr","locations":[{"start":{"line":58,"column":15},"end":{"line":58,"column":30}},{"start":{"line":58,"column":34},"end":{"line":58,"column":56}},{"start":{"line":58,"column":60},"end":{"line":58,"column":75}},{"start":{"line":58,"column":79},"end":{"line":58,"column":102}}],"line":58},"3":{"loc":{"start":{"line":75,"column":8},"end":{"line":75,"column":64}},"type":"if","locations":[{"start":{"line":75,"column":8},"end":{"line":75,"column":64}},{"start":{},"end":{}}],"line":75},"4":{"loc":{"start":{"line":82,"column":12},"end":{"line":82,"column":78}},"type":"if","locations":[{"start":{"line":82,"column":12},"end":{"line":82,"column":78}},{"start":{},"end":{}}],"line":82},"5":{"loc":{"start":{"line":82,"column":15},"end":{"line":82,"column":69}},"type":"binary-expr","locations":[{"start":{"line":82,"column":15},"end":{"line":82,"column":40}},{"start":{"line":82,"column":44},"end":{"line":82,"column":69}}],"line":82}},"s":{"0":5018,"1":5018,"2":5018,"3":5018,"4":5018,"5":5018,"6":5018,"7":5018,"8":5018,"9":5018,"10":5018,"11":5018,"12":5018,"13":1,"14":1,"15":1,"16":1,"17":1,"18":1,"19":1,"20":1,"21":0,"22":1,"23":1,"24":1,"25":1,"26":1,"27":0,"28":1,"29":0,"30":0,"31":0,"32":0,"33":1,"34":1,"35":1,"36":1,"37":1},"f":{"0":5018,"1":1,"2":0,"3":1,"4":1,"5":1,"6":0,"7":1,"8":1,"9":1,"10":1},"b":{"0":[5018,5014],"1":[5018,5014],"2":[0,0,0,0],"3":[0,1],"4":[0,0],"5":[0,0]},"_coverageSchema":"1a1c01bbd47fc00a2c39e90264f33305004495a9","hash":"118bae645fee0350d01dd5ee0073fe1b273c5cfa"}
,"C:\\Users\\ncoff\\OneDrive\\Documents\\Visual Studio 2017\\Pathogen\\src\\components\\classes\\Cell.ts": {"path":"C:\\Users\\ncoff\\OneDrive\\Documents\\Visual Studio 2017\\Pathogen\\src\\components\\classes\\Cell.ts","statementMap":{"0":{"start":{"line":10,"column":16},"end":{"line":10,"column":17}},"1":{"start":{"line":11,"column":16},"end":{"line":11,"column":17}},"2":{"start":{"line":12,"column":22},"end":{"line":12,"column":37}},"3":{"start":{"line":17,"column":8},"end":{"line":17,"column":19}},"4":{"start":{"line":18,"column":8},"end":{"line":18,"column":19}},"5":{"start":{"line":19,"column":8},"end":{"line":19,"column":25}},"6":{"start":{"line":20,"column":8},"end":{"line":20,"column":27}},"7":{"start":{"line":21,"column":8},"end":{"line":21,"column":29}},"8":{"start":{"line":24,"column":15},"end":{"line":24,"column":32}},"9":{"start":{"line":26,"column":21},"end":{"line":26,"column":43}},"10":{"start":{"line":28,"column":23},"end":{"line":28,"column":42}}},"fnMap":{"0":{"name":"(anonymous_0)","decl":{"start":{"line":16,"column":4},"end":{"line":16,"column":5}},"loc":{"start":{"line":16,"column":55},"end":{"line":22,"column":5}},"line":16},"1":{"name":"(anonymous_1)","decl":{"start":{"line":24,"column":4},"end":{"line":24,"column":5}},"loc":{"start":{"line":24,"column":13},"end":{"line":24,"column":34}},"line":24},"2":{"name":"(anonymous_2)","decl":{"start":{"line":26,"column":4},"end":{"line":26,"column":5}},"loc":{"start":{"line":26,"column":19},"end":{"line":26,"column":45}},"line":26},"3":{"name":"(anonymous_3)","decl":{"start":{"line":28,"column":4},"end":{"line":28,"column":5}},"loc":{"start":{"line":28,"column":21},"end":{"line":28,"column":44}},"line":28}},"branchMap":{},"s":{"0":108,"1":108,"2":108,"3":108,"4":108,"5":108,"6":108,"7":108,"8":1,"9":1,"10":0},"f":{"0":108,"1":1,"2":1,"3":0},"b":{},"_coverageSchema":"1a1c01bbd47fc00a2c39e90264f33305004495a9","hash":"76031dbd2936fc23061a7679bc0e131aaa4815cb"}
,"C:\\Users\\ncoff\\OneDrive\\Documents\\Visual Studio 2017\\Pathogen\\src\\components\\classes\\Grid.ts": {"path":"C:\\Users\\ncoff\\OneDrive\\Documents\\Visual Studio 2017\\Pathogen\\src\\components\\classes\\Grid.ts","statementMap":{"0":{"start":{"line":23,"column":8},"end":{"line":23,"column":28}},"1":{"start":{"line":24,"column":8},"end":{"line":24,"column":37}},"2":{"start":{"line":25,"column":8},"end":{"line":25,"column":33}},"3":{"start":{"line":26,"column":8},"end":{"line":26,"column":25}},"4":{"start":{"line":27,"column":8},"end":{"line":27,"column":25}},"5":{"start":{"line":28,"column":8},"end":{"line":28,"column":27}},"6":{"start":{"line":29,"column":8},"end":{"line":29,"column":29}},"7":{"start":{"line":30,"column":8},"end":{"line":30,"column":49}},"8":{"start":{"line":31,"column":8},"end":{"line":31,"column":51}},"9":{"start":{"line":32,"column":8},"end":{"line":32,"column":55}},"10":{"start":{"line":33,"column":8},"end":{"line":33,"column":58}},"11":{"start":{"line":34,"column":8},"end":{"line":34,"column":28}},"12":{"start":{"line":35,"column":8},"end":{"line":35,"column":60}},"13":{"start":{"line":40,"column":29},"end":{"line":40,"column":31}},"14":{"start":{"line":41,"column":8},"end":{"line":46,"column":9}},"15":{"start":{"line":41,"column":20},"end":{"line":41,"column":21}},"16":{"start":{"line":42,"column":12},"end":{"line":42,"column":26}},"17":{"start":{"line":43,"column":12},"end":{"line":45,"column":13}},"18":{"start":{"line":43,"column":24},"end":{"line":43,"column":25}},"19":{"start":{"line":44,"column":16},"end":{"line":44,"column":61}},"20":{"start":{"line":47,"column":8},"end":{"line":47,"column":20}},"21":{"start":{"line":52,"column":8},"end":{"line":52,"column":18}},"22":{"start":{"line":53,"column":8},"end":{"line":76,"column":9}},"23":{"start":{"line":53,"column":20},"end":{"line":53,"column":21}},"24":{"start":{"line":54,"column":12},"end":{"line":75,"column":13}},"25":{"start":{"line":54,"column":24},"end":{"line":54,"column":25}},"26":{"start":{"line":55,"column":16},"end":{"line":72,"column":17}},"27":{"start":{"line":57,"column":24},"end":{"line":57,"column":33}},"28":{"start":{"line":60,"column":24},"end":{"line":60,"column":50}},"29":{"start":{"line":61,"column":24},"end":{"line":61,"column":48}},"30":{"start":{"line":62,"column":24},"end":{"line":62,"column":30}},"31":{"start":{"line":65,"column":24},"end":{"line":65,"column":43}},"32":{"start":{"line":66,"column":24},"end":{"line":66,"column":30}},"33":{"start":{"line":69,"column":24},"end":{"line":69,"column":43}},"34":{"start":{"line":70,"column":24},"end":{"line":70,"column":30}},"35":{"start":{"line":73,"column":16},"end":{"line":74,"column":55}},"36":{"start":{"line":77,"column":8},"end":{"line":77,"column":17}},"37":{"start":{"line":80,"column":8},"end":{"line":80,"column":18}},"38":{"start":{"line":81,"column":21},"end":{"line":81,"column":72}},"39":{"start":{"line":82,"column":8},"end":{"line":86,"column":9}},"40":{"start":{"line":83,"column":12},"end":{"line":83,"column":37}},"41":{"start":{"line":84,"column":12},"end":{"line":84,"column":33}},"42":{"start":{"line":85,"column":12},"end":{"line":85,"column":57}},"43":{"start":{"line":87,"column":8},"end":{"line":87,"column":17}},"44":{"start":{"line":93,"column":19},"end":{"line":93,"column":44}},"45":{"start":{"line":94,"column":17},"end":{"line":94,"column":63}},"46":{"start":{"line":95,"column":17},"end":{"line":95,"column":65}},"47":{"start":{"line":98,"column":8},"end":{"line":134,"column":9}},"48":{"start":{"line":101,"column":30},"end":{"line":101,"column":32}},"49":{"start":{"line":102,"column":21},"end":{"line":102,"column":23}},"50":{"start":{"line":103,"column":21},"end":{"line":103,"column":23}},"51":{"start":{"line":104,"column":12},"end":{"line":120,"column":13}},"52":{"start":{"line":107,"column":16},"end":{"line":107,"column":102}},"53":{"start":{"line":110,"column":31},"end":{"line":110,"column":54}},"54":{"start":{"line":111,"column":32},"end":{"line":111,"column":54}},"55":{"start":{"line":112,"column":16},"end":{"line":112,"column":65}},"56":{"start":{"line":115,"column":16},"end":{"line":119,"column":17}},"57":{"start":{"line":116,"column":20},"end":{"line":116,"column":48}},"58":{"start":{"line":117,"column":20},"end":{"line":117,"column":37}},"59":{"start":{"line":118,"column":20},"end":{"line":118,"column":37}},"60":{"start":{"line":123,"column":32},"end":{"line":123,"column":34}},"61":{"start":{"line":126,"column":12},"end":{"line":131,"column":13}},"62":{"start":{"line":128,"column":16},"end":{"line":128,"column":45}},"63":{"start":{"line":129,"column":24},"end":{"line":129,"column":43}},"64":{"start":{"line":130,"column":16},"end":{"line":130,"column":60}},"65":{"start":{"line":130,"column":28},"end":{"line":130,"column":29}},"66":{"start":{"line":130,"column":43},"end":{"line":130,"column":60}},"67":{"start":{"line":133,"column":12},"end":{"line":133,"column":90}},"68":{"start":{"line":137,"column":8},"end":{"line":173,"column":9}},"69":{"start":{"line":139,"column":12},"end":{"line":139,"column":92}},"70":{"start":{"line":139,"column":71},"end":{"line":139,"column":90}},"71":{"start":{"line":142,"column":12},"end":{"line":142,"column":40}},"72":{"start":{"line":142,"column":31},"end":{"line":142,"column":40}},"73":{"start":{"line":145,"column":23},"end":{"line":145,"column":46}},"74":{"start":{"line":148,"column":12},"end":{"line":153,"column":13}},"75":{"start":{"line":149,"column":16},"end":{"line":149,"column":36}},"76":{"start":{"line":150,"column":16},"end":{"line":150,"column":29}},"77":{"start":{"line":151,"column":16},"end":{"line":151,"column":43}},"78":{"start":{"line":152,"column":16},"end":{"line":152,"column":25}},"79":{"start":{"line":156,"column":12},"end":{"line":163,"column":13}},"80":{"start":{"line":157,"column":16},"end":{"line":157,"column":29}},"81":{"start":{"line":158,"column":31},"end":{"line":158,"column":54}},"82":{"start":{"line":159,"column":32},"end":{"line":159,"column":54}},"83":{"start":{"line":160,"column":16},"end":{"line":160,"column":61}},"84":{"start":{"line":161,"column":16},"end":{"line":161,"column":43}},"85":{"start":{"line":162,"column":16},"end":{"line":162,"column":25}},"86":{"start":{"line":166,"column":12},"end":{"line":166,"column":62}},"87":{"start":{"line":169,"column":12},"end":{"line":169,"column":60}},"88":{"start":{"line":172,"column":12},"end":{"line":172,"column":27}},"89":{"start":{"line":174,"column":8},"end":{"line":174,"column":34}},"90":{"start":{"line":180,"column":8},"end":{"line":180,"column":38}},"91":{"start":{"line":180,"column":31},"end":{"line":180,"column":38}},"92":{"start":{"line":183,"column":17},"end":{"line":183,"column":56}},"93":{"start":{"line":184,"column":17},"end":{"line":184,"column":57}},"94":{"start":{"line":187,"column":8},"end":{"line":187,"column":80}},"95":{"start":{"line":187,"column":73},"end":{"line":187,"column":80}},"96":{"start":{"line":190,"column":8},"end":{"line":190,"column":107}},"97":{"start":{"line":190,"column":100},"end":{"line":190,"column":107}},"98":{"start":{"line":193,"column":8},"end":{"line":193,"column":28}},"99":{"start":{"line":196,"column":8},"end":{"line":197,"column":55}},"100":{"start":{"line":197,"column":12},"end":{"line":197,"column":55}},"101":{"start":{"line":197,"column":33},"end":{"line":197,"column":55}},"102":{"start":{"line":200,"column":8},"end":{"line":205,"column":52}},"103":{"start":{"line":201,"column":12},"end":{"line":201,"column":53}},"104":{"start":{"line":205,"column":12},"end":{"line":205,"column":52}},"105":{"start":{"line":209,"column":8},"end":{"line":209,"column":28}},"106":{"start":{"line":210,"column":8},"end":{"line":210,"column":28}},"107":{"start":{"line":211,"column":8},"end":{"line":211,"column":49}},"108":{"start":{"line":212,"column":8},"end":{"line":212,"column":51}},"109":{"start":{"line":213,"column":8},"end":{"line":213,"column":28}},"110":{"start":{"line":220,"column":22},"end":{"line":220,"column":79}},"111":{"start":{"line":221,"column":8},"end":{"line":221,"column":23}},"112":{"start":{"line":227,"column":28},"end":{"line":227,"column":43}},"113":{"start":{"line":228,"column":8},"end":{"line":228,"column":31}},"114":{"start":{"line":229,"column":28},"end":{"line":229,"column":37}},"115":{"start":{"line":232,"column":8},"end":{"line":232,"column":44}},"116":{"start":{"line":235,"column":8},"end":{"line":268,"column":9}},"117":{"start":{"line":237,"column":12},"end":{"line":237,"column":35}},"118":{"start":{"line":240,"column":36},"end":{"line":240,"column":38}},"119":{"start":{"line":241,"column":12},"end":{"line":241,"column":143}},"120":{"start":{"line":241,"column":91},"end":{"line":241,"column":143}},"121":{"start":{"line":242,"column":12},"end":{"line":242,"column":143}},"122":{"start":{"line":242,"column":91},"end":{"line":242,"column":143}},"123":{"start":{"line":243,"column":12},"end":{"line":243,"column":143}},"124":{"start":{"line":243,"column":91},"end":{"line":243,"column":143}},"125":{"start":{"line":244,"column":12},"end":{"line":244,"column":143}},"126":{"start":{"line":244,"column":91},"end":{"line":244,"column":143}},"127":{"start":{"line":247,"column":12},"end":{"line":247,"column":75}},"128":{"start":{"line":247,"column":43},"end":{"line":247,"column":75}},"129":{"start":{"line":250,"column":12},"end":{"line":267,"column":13}},"130":{"start":{"line":253,"column":16},"end":{"line":253,"column":36}},"131":{"start":{"line":256,"column":29},"end":{"line":256,"column":84}},"132":{"start":{"line":259,"column":16},"end":{"line":262,"column":105}},"133":{"start":{"line":259,"column":41},"end":{"line":259,"column":105}},"134":{"start":{"line":260,"column":21},"end":{"line":262,"column":105}},"135":{"start":{"line":260,"column":46},"end":{"line":260,"column":105}},"136":{"start":{"line":261,"column":21},"end":{"line":262,"column":105}},"137":{"start":{"line":261,"column":46},"end":{"line":261,"column":105}},"138":{"start":{"line":262,"column":21},"end":{"line":262,"column":105}},"139":{"start":{"line":262,"column":46},"end":{"line":262,"column":105}},"140":{"start":{"line":265,"column":16},"end":{"line":265,"column":38}},"141":{"start":{"line":266,"column":16},"end":{"line":266,"column":35}},"142":{"start":{"line":271,"column":8},"end":{"line":271,"column":74}},"143":{"start":{"line":276,"column":34},"end":{"line":276,"column":36}},"144":{"start":{"line":277,"column":29},"end":{"line":277,"column":56}},"145":{"start":{"line":278,"column":8},"end":{"line":283,"column":9}},"146":{"start":{"line":278,"column":20},"end":{"line":278,"column":21}},"147":{"start":{"line":279,"column":12},"end":{"line":282,"column":14}},"148":{"start":{"line":284,"column":8},"end":{"line":284,"column":37}},"149":{"start":{"line":285,"column":8},"end":{"line":285,"column":26}},"150":{"start":{"line":290,"column":34},"end":{"line":290,"column":36}},"151":{"start":{"line":291,"column":29},"end":{"line":291,"column":56}},"152":{"start":{"line":293,"column":8},"end":{"line":310,"column":9}},"153":{"start":{"line":294,"column":27},"end":{"line":294,"column":72}},"154":{"start":{"line":295,"column":27},"end":{"line":295,"column":72}},"155":{"start":{"line":296,"column":33},"end":{"line":296,"column":83}},"156":{"start":{"line":297,"column":22},"end":{"line":297,"column":40}},"157":{"start":{"line":298,"column":38},"end":{"line":298,"column":40}},"158":{"start":{"line":300,"column":12},"end":{"line":304,"column":13}},"159":{"start":{"line":300,"column":24},"end":{"line":300,"column":25}},"160":{"start":{"line":301,"column":16},"end":{"line":303,"column":53}},"161":{"start":{"line":301,"column":54},"end":{"line":301,"column":261}},"162":{"start":{"line":302,"column":21},"end":{"line":303,"column":53}},"163":{"start":{"line":302,"column":33},"end":{"line":302,"column":65}},"164":{"start":{"line":303,"column":21},"end":{"line":303,"column":53}},"165":{"start":{"line":306,"column":37},"end":{"line":306,"column":78}},"166":{"start":{"line":307,"column":30},"end":{"line":307,"column":91}},"167":{"start":{"line":308,"column":12},"end":{"line":309,"column":123}},"168":{"start":{"line":312,"column":8},"end":{"line":312,"column":37}},"169":{"start":{"line":313,"column":8},"end":{"line":313,"column":26}},"170":{"start":{"line":318,"column":8},"end":{"line":324,"column":9}},"171":{"start":{"line":318,"column":20},"end":{"line":318,"column":21}},"172":{"start":{"line":319,"column":12},"end":{"line":323,"column":13}},"173":{"start":{"line":319,"column":24},"end":{"line":319,"column":25}},"174":{"start":{"line":320,"column":16},"end":{"line":322,"column":17}},"175":{"start":{"line":321,"column":20},"end":{"line":321,"column":40}},"176":{"start":{"line":325,"column":8},"end":{"line":325,"column":30}},"177":{"start":{"line":330,"column":8},"end":{"line":336,"column":9}},"178":{"start":{"line":330,"column":20},"end":{"line":330,"column":21}},"179":{"start":{"line":331,"column":12},"end":{"line":335,"column":13}},"180":{"start":{"line":331,"column":24},"end":{"line":331,"column":25}},"181":{"start":{"line":332,"column":16},"end":{"line":334,"column":17}},"182":{"start":{"line":333,"column":20},"end":{"line":333,"column":40}},"183":{"start":{"line":337,"column":8},"end":{"line":337,"column":30}},"184":{"start":{"line":341,"column":21},"end":{"line":341,"column":55}},"185":{"start":{"line":342,"column":21},"end":{"line":342,"column":54}},"186":{"start":{"line":343,"column":8},"end":{"line":343,"column":41}},"187":{"start":{"line":347,"column":8},"end":{"line":347,"column":37}},"188":{"start":{"line":351,"column":8},"end":{"line":351,"column":27}}},"fnMap":{"0":{"name":"(anonymous_0)","decl":{"start":{"line":22,"column":4},"end":{"line":22,"column":5}},"loc":{"start":{"line":22,"column":95},"end":{"line":36,"column":5}},"line":22},"1":{"name":"(anonymous_1)","decl":{"start":{"line":39,"column":4},"end":{"line":39,"column":5}},"loc":{"start":{"line":39,"column":43},"end":{"line":48,"column":5}},"line":39},"2":{"name":"(anonymous_2)","decl":{"start":{"line":50,"column":4},"end":{"line":50,"column":5}},"loc":{"start":{"line":50,"column":22},"end":{"line":88,"column":5}},"line":50},"3":{"name":"(anonymous_3)","decl":{"start":{"line":90,"column":4},"end":{"line":90,"column":5}},"loc":{"start":{"line":90,"column":24},"end":{"line":175,"column":5}},"line":90},"4":{"name":"(anonymous_4)","decl":{"start":{"line":177,"column":4},"end":{"line":177,"column":5}},"loc":{"start":{"line":177,"column":29},"end":{"line":206,"column":5}},"line":177},"5":{"name":"(anonymous_5)","decl":{"start":{"line":208,"column":4},"end":{"line":208,"column":5}},"loc":{"start":{"line":208,"column":47},"end":{"line":214,"column":5}},"line":208},"6":{"name":"(anonymous_6)","decl":{"start":{"line":219,"column":4},"end":{"line":219,"column":5}},"loc":{"start":{"line":219,"column":68},"end":{"line":222,"column":5}},"line":219},"7":{"name":"(anonymous_7)","decl":{"start":{"line":225,"column":4},"end":{"line":225,"column":5}},"loc":{"start":{"line":225,"column":19},"end":{"line":272,"column":5}},"line":225},"8":{"name":"(anonymous_8)","decl":{"start":{"line":275,"column":4},"end":{"line":275,"column":5}},"loc":{"start":{"line":275,"column":32},"end":{"line":286,"column":5}},"line":275},"9":{"name":"(anonymous_9)","decl":{"start":{"line":289,"column":4},"end":{"line":289,"column":5}},"loc":{"start":{"line":289,"column":55},"end":{"line":314,"column":5}},"line":289},"10":{"name":"(anonymous_10)","decl":{"start":{"line":317,"column":4},"end":{"line":317,"column":5}},"loc":{"start":{"line":317,"column":27},"end":{"line":326,"column":5}},"line":317},"11":{"name":"(anonymous_11)","decl":{"start":{"line":329,"column":4},"end":{"line":329,"column":5}},"loc":{"start":{"line":329,"column":25},"end":{"line":338,"column":5}},"line":329},"12":{"name":"(anonymous_12)","decl":{"start":{"line":340,"column":4},"end":{"line":340,"column":5}},"loc":{"start":{"line":340,"column":25},"end":{"line":344,"column":5}},"line":340},"13":{"name":"(anonymous_13)","decl":{"start":{"line":346,"column":4},"end":{"line":346,"column":5}},"loc":{"start":{"line":346,"column":38},"end":{"line":348,"column":5}},"line":346},"14":{"name":"(anonymous_14)","decl":{"start":{"line":350,"column":4},"end":{"line":350,"column":5}},"loc":{"start":{"line":350,"column":15},"end":{"line":352,"column":5}},"line":350}},"branchMap":{"0":{"loc":{"start":{"line":55,"column":16},"end":{"line":72,"column":17}},"type":"switch","locations":[{"start":{"line":56,"column":20},"end":{"line":58,"column":21}},{"start":{"line":59,"column":20},"end":{"line":63,"column":21}},{"start":{"line":64,"column":20},"end":{"line":67,"column":21}},{"start":{"line":68,"column":20},"end":{"line":71,"column":21}}],"line":55},"1":{"loc":{"start":{"line":98,"column":8},"end":{"line":134,"column":9}},"type":"if","locations":[{"start":{"line":98,"column":8},"end":{"line":134,"column":9}},{"start":{},"end":{}}],"line":98},"2":{"loc":{"start":{"line":115,"column":16},"end":{"line":119,"column":17}},"type":"if","locations":[{"start":{"line":115,"column":16},"end":{"line":119,"column":17}},{"start":{},"end":{}}],"line":115},"3":{"loc":{"start":{"line":139,"column":12},"end":{"line":139,"column":92}},"type":"if","locations":[{"start":{"line":139,"column":12},"end":{"line":139,"column":92}},{"start":{},"end":{}}],"line":139},"4":{"loc":{"start":{"line":142,"column":12},"end":{"line":142,"column":40}},"type":"if","locations":[{"start":{"line":142,"column":12},"end":{"line":142,"column":40}},{"start":{},"end":{}}],"line":142},"5":{"loc":{"start":{"line":148,"column":12},"end":{"line":153,"column":13}},"type":"if","locations":[{"start":{"line":148,"column":12},"end":{"line":153,"column":13}},{"start":{},"end":{}}],"line":148},"6":{"loc":{"start":{"line":156,"column":12},"end":{"line":163,"column":13}},"type":"if","locations":[{"start":{"line":156,"column":12},"end":{"line":163,"column":13}},{"start":{},"end":{}}],"line":156},"7":{"loc":{"start":{"line":156,"column":16},"end":{"line":156,"column":86}},"type":"binary-expr","locations":[{"start":{"line":156,"column":16},"end":{"line":156,"column":35}},{"start":{"line":156,"column":39},"end":{"line":156,"column":86}}],"line":156},"8":{"loc":{"start":{"line":180,"column":8},"end":{"line":180,"column":38}},"type":"if","locations":[{"start":{"line":180,"column":8},"end":{"line":180,"column":38}},{"start":{},"end":{}}],"line":180},"9":{"loc":{"start":{"line":187,"column":8},"end":{"line":187,"column":80}},"type":"if","locations":[{"start":{"line":187,"column":8},"end":{"line":187,"column":80}},{"start":{},"end":{}}],"line":187},"10":{"loc":{"start":{"line":187,"column":11},"end":{"line":187,"column":71}},"type":"binary-expr","locations":[{"start":{"line":187,"column":11},"end":{"line":187,"column":17}},{"start":{"line":187,"column":21},"end":{"line":187,"column":39}},{"start":{"line":187,"column":43},"end":{"line":187,"column":49}},{"start":{"line":187,"column":53},"end":{"line":187,"column":71}}],"line":187},"11":{"loc":{"start":{"line":190,"column":8},"end":{"line":190,"column":107}},"type":"if","locations":[{"start":{"line":190,"column":8},"end":{"line":190,"column":107}},{"start":{},"end":{}}],"line":190},"12":{"loc":{"start":{"line":190,"column":11},"end":{"line":190,"column":98}},"type":"binary-expr","locations":[{"start":{"line":190,"column":11},"end":{"line":190,"column":53}},{"start":{"line":190,"column":57},"end":{"line":190,"column":98}}],"line":190},"13":{"loc":{"start":{"line":200,"column":8},"end":{"line":205,"column":52}},"type":"if","locations":[{"start":{"line":200,"column":8},"end":{"line":205,"column":52}},{"start":{"line":205,"column":12},"end":{"line":205,"column":52}}],"line":200},"14":{"loc":{"start":{"line":200,"column":11},"end":{"line":200,"column":53}},"type":"binary-expr","locations":[{"start":{"line":200,"column":11},"end":{"line":200,"column":26}},{"start":{"line":200,"column":30},"end":{"line":200,"column":53}}],"line":200},"15":{"loc":{"start":{"line":241,"column":12},"end":{"line":241,"column":143}},"type":"if","locations":[{"start":{"line":241,"column":12},"end":{"line":241,"column":143}},{"start":{},"end":{}}],"line":241},"16":{"loc":{"start":{"line":241,"column":15},"end":{"line":241,"column":77}},"type":"binary-expr","locations":[{"start":{"line":241,"column":15},"end":{"line":241,"column":29}},{"start":{"line":241,"column":33},"end":{"line":241,"column":77}}],"line":241},"17":{"loc":{"start":{"line":242,"column":12},"end":{"line":242,"column":143}},"type":"if","locations":[{"start":{"line":242,"column":12},"end":{"line":242,"column":143}},{"start":{},"end":{}}],"line":242},"18":{"loc":{"start":{"line":242,"column":15},"end":{"line":242,"column":77}},"type":"binary-expr","locations":[{"start":{"line":242,"column":15},"end":{"line":242,"column":29}},{"start":{"line":242,"column":33},"end":{"line":242,"column":77}}],"line":242},"19":{"loc":{"start":{"line":243,"column":12},"end":{"line":243,"column":143}},"type":"if","locations":[{"start":{"line":243,"column":12},"end":{"line":243,"column":143}},{"start":{},"end":{}}],"line":243},"20":{"loc":{"start":{"line":243,"column":15},"end":{"line":243,"column":89}},"type":"binary-expr","locations":[{"start":{"line":243,"column":15},"end":{"line":243,"column":41}},{"start":{"line":243,"column":45},"end":{"line":243,"column":89}}],"line":243},"21":{"loc":{"start":{"line":244,"column":12},"end":{"line":244,"column":143}},"type":"if","locations":[{"start":{"line":244,"column":12},"end":{"line":244,"column":143}},{"start":{},"end":{}}],"line":244},"22":{"loc":{"start":{"line":244,"column":15},"end":{"line":244,"column":89}},"type":"binary-expr","locations":[{"start":{"line":244,"column":15},"end":{"line":244,"column":41}},{"start":{"line":244,"column":45},"end":{"line":244,"column":89}}],"line":244},"23":{"loc":{"start":{"line":250,"column":12},"end":{"line":267,"column":13}},"type":"if","locations":[{"start":{"line":250,"column":12},"end":{"line":267,"column":13}},{"start":{},"end":{}}],"line":250},"24":{"loc":{"start":{"line":259,"column":16},"end":{"line":262,"column":105}},"type":"if","locations":[{"start":{"line":259,"column":16},"end":{"line":262,"column":105}},{"start":{"line":260,"column":21},"end":{"line":262,"column":105}}],"line":259},"25":{"loc":{"start":{"line":260,"column":21},"end":{"line":262,"column":105}},"type":"if","locations":[{"start":{"line":260,"column":21},"end":{"line":262,"column":105}},{"start":{"line":261,"column":21},"end":{"line":262,"column":105}}],"line":260},"26":{"loc":{"start":{"line":261,"column":21},"end":{"line":262,"column":105}},"type":"if","locations":[{"start":{"line":261,"column":21},"end":{"line":262,"column":105}},{"start":{"line":262,"column":21},"end":{"line":262,"column":105}}],"line":261},"27":{"loc":{"start":{"line":262,"column":21},"end":{"line":262,"column":105}},"type":"if","locations":[{"start":{"line":262,"column":21},"end":{"line":262,"column":105}},{"start":{},"end":{}}],"line":262},"28":{"loc":{"start":{"line":301,"column":16},"end":{"line":303,"column":53}},"type":"if","locations":[{"start":{"line":301,"column":16},"end":{"line":303,"column":53}},{"start":{"line":302,"column":21},"end":{"line":303,"column":53}}],"line":301},"29":{"loc":{"start":{"line":302,"column":21},"end":{"line":303,"column":53}},"type":"if","locations":[{"start":{"line":302,"column":21},"end":{"line":303,"column":53}},{"start":{"line":303,"column":21},"end":{"line":303,"column":53}}],"line":302},"30":{"loc":{"start":{"line":320,"column":16},"end":{"line":322,"column":17}},"type":"if","locations":[{"start":{"line":320,"column":16},"end":{"line":322,"column":17}},{"start":{},"end":{}}],"line":320},"31":{"loc":{"start":{"line":332,"column":16},"end":{"line":334,"column":17}},"type":"if","locations":[{"start":{"line":332,"column":16},"end":{"line":334,"column":17}},{"start":{},"end":{}}],"line":332}},"s":{"0":10,"1":10,"2":10,"3":10,"4":10,"5":10,"6":10,"7":10,"8":10,"9":10,"10":10,"11":10,"12":10,"13":10,"14":10,"15":10,"16":28,"17":28,"18":28,"19":105,"20":10,"21":0,"22":0,"23":0,"24":0,"25":0,"26":0,"27":0,"28":0,"29":0,"30":0,"31":0,"32":0,"33":0,"34":0,"35":0,"36":0,"37":0,"38":0,"39":0,"40":0,"41":0,"42":0,"43":0,"44":0,"45":0,"46":0,"47":0,"48":0,"49":0,"50":0,"51":0,"52":0,"53":0,"54":0,"55":0,"56":0,"57":0,"58":0,"59":0,"60":0,"61":0,"62":0,"63":0,"64":0,"65":0,"66":0,"67":0,"68":0,"69":0,"70":0,"71":0,"72":0,"73":0,"74":0,"75":0,"76":0,"77":0,"78":0,"79":0,"80":0,"81":0,"82":0,"83":0,"84":0,"85":0,"86":0,"87":0,"88":0,"89":0,"90":0,"91":0,"92":0,"93":0,"94":0,"95":0,"96":0,"97":0,"98":0,"99":0,"100":0,"101":0,"102":0,"103":0,"104":0,"105":0,"106":0,"107":0,"108":0,"109":0,"110":1,"111":1,"112":10,"113":10,"114":10,"115":10,"116":10,"117":26,"118":26,"119":26,"120":1,"121":26,"122":1,"123":26,"124":6,"125":26,"126":4,"127":26,"128":12,"129":26,"130":8,"131":8,"132":8,"133":1,"134":7,"135":3,"136":4,"137":1,"138":3,"139":3,"140":8,"141":8,"142":10,"143":11,"144":11,"145":11,"146":11,"147":5003,"148":11,"149":11,"150":1,"151":1,"152":1,"153":4,"154":4,"155":4,"156":4,"157":4,"158":4,"159":4,"160":0,"161":0,"162":0,"163":0,"164":0,"165":4,"166":4,"167":4,"168":1,"169":1,"170":13,"171":13,"172":26,"173":26,"174":68,"175":13,"176":0,"177":1,"178":1,"179":1,"180":1,"181":2,"182":1,"183":0,"184":1,"185":1,"186":1,"187":1,"188":0},"f":{"0":10,"1":10,"2":0,"3":0,"4":0,"5":0,"6":1,"7":10,"8":11,"9":1,"10":13,"11":1,"12":1,"13":1,"14":0},"b":{"0":[0,0,0,0],"1":[0,0],"2":[0,0],"3":[0,0],"4":[0,0],"5":[0,0],"6":[0,0],"7":[0,0],"8":[0,0],"9":[0,0],"10":[0,0,0,0],"11":[0,0],"12":[0,0],"13":[0,0],"14":[0,0],"15":[1,25],"16":[26,12],"17":[1,25],"18":[26,8],"19":[6,20],"20":[26,12],"21":[4,22],"22":[26,10],"23":[8,18],"24":[1,7],"25":[3,4],"26":[1,3],"27":[3,0],"28":[0,0],"29":[0,0],"30":[13,55],"31":[1,1]},"_coverageSchema":"1a1c01bbd47fc00a2c39e90264f33305004495a9","hash":"b3fe0d7e6787f05458002face0fb0d51e54f8990"}
,"C:\\Users\\ncoff\\OneDrive\\Documents\\Visual Studio 2017\\Pathogen\\src\\tools\\Constants.tsx": {"path":"C:\\Users\\ncoff\\OneDrive\\Documents\\Visual Studio 2017\\Pathogen\\src\\tools\\Constants.tsx","statementMap":{"0":{"start":{"line":4,"column":25},"end":{"line":10,"column":2}},"1":{"start":{"line":14,"column":39},"end":{"line":14,"column":43}},"2":{"start":{"line":15,"column":38},"end":{"line":15,"column":45}},"3":{"start":{"line":16,"column":38},"end":{"line":16,"column":46}},"4":{"start":{"line":17,"column":39},"end":{"line":17,"column":48}},"5":{"start":{"line":18,"column":39},"end":{"line":18,"column":48}},"6":{"start":{"line":19,"column":39},"end":{"line":19,"column":47}},"7":{"start":{"line":20,"column":42},"end":{"line":20,"column":49}},"8":{"start":{"line":21,"column":39},"end":{"line":21,"column":52}},"9":{"start":{"line":22,"column":42},"end":{"line":22,"column":43}},"10":{"start":{"line":23,"column":39},"end":{"line":23,"column":40}},"11":{"start":{"line":24,"column":38},"end":{"line":24,"column":41}},"12":{"start":{"line":25,"column":34},"end":{"line":25,"column":39}},"13":{"start":{"line":26,"column":34},"end":{"line":26,"column":35}},"14":{"start":{"line":27,"column":36},"end":{"line":27,"column":41}},"15":{"start":{"line":29,"column":39},"end":{"line":39,"column":2}},"16":{"start":{"line":43,"column":33},"end":{"line":43,"column":42}},"17":{"start":{"line":44,"column":36},"end":{"line":44,"column":48}},"18":{"start":{"line":45,"column":33},"end":{"line":45,"column":42}},"19":{"start":{"line":46,"column":36},"end":{"line":46,"column":51}},"20":{"start":{"line":47,"column":33},"end":{"line":47,"column":42}},"21":{"start":{"line":48,"column":36},"end":{"line":48,"column":51}}},"fnMap":{},"branchMap":{},"s":{"0":1,"1":1,"2":1,"3":1,"4":1,"5":1,"6":1,"7":1,"8":1,"9":1,"10":1,"11":1,"12":1,"13":1,"14":1,"15":1,"16":1,"17":1,"18":1,"19":1,"20":1,"21":1},"f":{},"b":{},"_coverageSchema":"1a1c01bbd47fc00a2c39e90264f33305004495a9","hash":"249ab88551630298c49703484608ed9dd090b489"}
}
