TN:
SF:src\components\classes\Agent.ts
FN:22,(anonymous_0)
FN:38,(anonymous_1)
FN:57,(anonymous_2)
FN:62,(anonymous_3)
FN:67,(anonymous_4)
FN:72,(anonymous_5)
FN:80,(anonymous_6)
FN:88,(anonymous_7)
FN:93,(anonymous_8)
FN:98,(anonymous_9)
FN:104,(anonymous_10)
FNF:11
FNH:9
FNDA:5018,(anonymous_0)
FNDA:1,(anonymous_1)
FNDA:0,(anonymous_2)
FNDA:1,(anonymous_3)
FNDA:1,(anonymous_4)
FNDA:1,(anonymous_5)
FNDA:0,(anonymous_6)
FNDA:1,(anonymous_7)
FNDA:1,(anonymous_8)
FNDA:1,(anonymous_9)
FNDA:1,(anonymous_10)
DA:23,5018
DA:24,5018
DA:25,5018
DA:26,5018
DA:27,5018
DA:28,5018
DA:29,5018
DA:30,5018
DA:31,5018
DA:32,5018
DA:33,5018
DA:34,5018
DA:35,5018
DA:41,1
DA:42,1
DA:46,1
DA:47,1
DA:48,1
DA:49,1
DA:50,1
DA:53,1
DA:58,0
DA:63,1
DA:68,1
DA:73,1
DA:74,1
DA:75,1
DA:76,1
DA:81,0
DA:82,0
DA:84,0
DA:89,1
DA:94,1
DA:99,1
DA:100,1
DA:105,1
LF:36
LH:32
BRDA:26,0,0,5018
BRDA:26,0,1,5014
BRDA:29,1,0,5018
BRDA:29,1,1,5014
BRDA:58,2,0,0
BRDA:58,2,1,0
BRDA:58,2,2,0
BRDA:58,2,3,0
BRDA:75,3,0,0
BRDA:75,3,1,1
BRDA:82,4,0,0
BRDA:82,4,1,0
BRDA:82,5,0,0
BRDA:82,5,1,0
BRF:14
BRH:5
end_of_record
TN:
SF:src\components\classes\Cell.ts
FN:16,(anonymous_0)
FN:24,(anonymous_1)
FN:26,(anonymous_2)
FN:28,(anonymous_3)
FNF:4
FNH:3
FNDA:108,(anonymous_0)
FNDA:1,(anonymous_1)
FNDA:1,(anonymous_2)
FNDA:0,(anonymous_3)
DA:10,108
DA:11,108
DA:12,108
DA:17,108
DA:18,108
DA:19,108
DA:20,108
DA:21,108
DA:24,1
DA:26,1
DA:28,0
LF:11
LH:10
BRF:0
BRH:0
end_of_record
TN:
SF:src\components\classes\Grid.ts
FN:22,(anonymous_0)
FN:39,(anonymous_1)
FN:50,(anonymous_2)
FN:90,(anonymous_3)
FN:177,(anonymous_4)
FN:208,(anonymous_5)
FN:219,(anonymous_6)
FN:225,(anonymous_7)
FN:275,(anonymous_8)
FN:289,(anonymous_9)
FN:317,(anonymous_10)
FN:329,(anonymous_11)
FN:340,(anonymous_12)
FN:346,(anonymous_13)
FN:350,(anonymous_14)
FNF:15
FNH:10
FNDA:10,(anonymous_0)
FNDA:10,(anonymous_1)
FNDA:0,(anonymous_2)
FNDA:0,(anonymous_3)
FNDA:0,(anonymous_4)
FNDA:0,(anonymous_5)
FNDA:1,(anonymous_6)
FNDA:10,(anonymous_7)
FNDA:11,(anonymous_8)
FNDA:1,(anonymous_9)
FNDA:13,(anonymous_10)
FNDA:1,(anonymous_11)
FNDA:1,(anonymous_12)
FNDA:1,(anonymous_13)
FNDA:0,(anonymous_14)
DA:23,10
DA:24,10
DA:25,10
DA:26,10
DA:27,10
DA:28,10
DA:29,10
DA:30,10
DA:31,10
DA:32,10
DA:33,10
DA:34,10
DA:35,10
DA:40,10
DA:41,10
DA:42,28
DA:43,28
DA:44,105
DA:47,10
DA:52,0
DA:53,0
DA:54,0
DA:55,0
DA:57,0
DA:60,0
DA:61,0
DA:62,0
DA:65,0
DA:66,0
DA:69,0
DA:70,0
DA:73,0
DA:77,0
DA:80,0
DA:81,0
DA:82,0
DA:83,0
DA:84,0
DA:85,0
DA:87,0
DA:93,0
DA:94,0
DA:95,0
DA:98,0
DA:101,0
DA:102,0
DA:103,0
DA:104,0
DA:107,0
DA:110,0
DA:111,0
DA:112,0
DA:115,0
DA:116,0
DA:117,0
DA:118,0
DA:123,0
DA:126,0
DA:128,0
DA:129,0
DA:130,0
DA:133,0
DA:137,0
DA:139,0
DA:142,0
DA:145,0
DA:148,0
DA:149,0
DA:150,0
DA:151,0
DA:152,0
DA:156,0
DA:157,0
DA:158,0
DA:159,0
DA:160,0
DA:161,0
DA:162,0
DA:166,0
DA:169,0
DA:172,0
DA:174,0
DA:180,0
DA:183,0
DA:184,0
DA:187,0
DA:190,0
DA:193,0
DA:196,0
DA:197,0
DA:200,0
DA:201,0
DA:205,0
DA:209,0
DA:210,0
DA:211,0
DA:212,0
DA:213,0
DA:220,1
DA:221,1
DA:227,10
DA:228,10
DA:229,10
DA:232,10
DA:235,10
DA:237,26
DA:240,26
DA:241,26
DA:242,26
DA:243,26
DA:244,26
DA:247,26
DA:250,26
DA:253,8
DA:256,8
DA:259,8
DA:260,7
DA:261,4
DA:262,3
DA:265,8
DA:266,8
DA:271,10
DA:276,11
DA:277,11
DA:278,11
DA:279,5003
DA:284,11
DA:285,11
DA:290,1
DA:291,1
DA:293,1
DA:294,4
DA:295,4
DA:296,4
DA:297,4
DA:298,4
DA:300,4
DA:301,0
DA:302,0
DA:303,0
DA:306,4
DA:307,4
DA:308,4
DA:312,1
DA:313,1
DA:318,13
DA:319,26
DA:320,68
DA:321,13
DA:325,0
DA:330,1
DA:331,1
DA:332,2
DA:333,1
DA:337,0
DA:341,1
DA:342,1
DA:343,1
DA:347,1
DA:351,0
LF:160
LH:75
BRDA:55,0,0,0
BRDA:55,0,1,0
BRDA:55,0,2,0
BRDA:55,0,3,0
BRDA:98,1,0,0
BRDA:98,1,1,0
BRDA:115,2,0,0
BRDA:115,2,1,0
BRDA:139,3,0,0
BRDA:139,3,1,0
BRDA:142,4,0,0
BRDA:142,4,1,0
BRDA:148,5,0,0
BRDA:148,5,1,0
BRDA:156,6,0,0
BRDA:156,6,1,0
BRDA:156,7,0,0
BRDA:156,7,1,0
BRDA:180,8,0,0
BRDA:180,8,1,0
BRDA:187,9,0,0
BRDA:187,9,1,0
BRDA:187,10,0,0
BRDA:187,10,1,0
BRDA:187,10,2,0
BRDA:187,10,3,0
BRDA:190,11,0,0
BRDA:190,11,1,0
BRDA:190,12,0,0
BRDA:190,12,1,0
BRDA:200,13,0,0
BRDA:200,13,1,0
BRDA:200,14,0,0
BRDA:200,14,1,0
BRDA:241,15,0,1
BRDA:241,15,1,25
BRDA:241,16,0,26
BRDA:241,16,1,12
BRDA:242,17,0,1
BRDA:242,17,1,25
BRDA:242,18,0,26
BRDA:242,18,1,8
BRDA:243,19,0,6
BRDA:243,19,1,20
BRDA:243,20,0,26
BRDA:243,20,1,12
BRDA:244,21,0,4
BRDA:244,21,1,22
BRDA:244,22,0,26
BRDA:244,22,1,10
BRDA:250,23,0,8
BRDA:250,23,1,18
BRDA:259,24,0,1
BRDA:259,24,1,7
BRDA:260,25,0,3
BRDA:260,25,1,4
BRDA:261,26,0,1
BRDA:261,26,1,3
BRDA:262,27,0,3
BRDA:262,27,1,0
BRDA:301,28,0,0
BRDA:301,28,1,0
BRDA:302,29,0,0
BRDA:302,29,1,0
BRDA:320,30,0,13
BRDA:320,30,1,55
BRDA:332,31,0,1
BRDA:332,31,1,1
BRF:68
BRH:29
end_of_record
TN:
SF:src\tools\Constants.tsx
FNF:0
FNH:0
DA:4,1
DA:14,1
DA:15,1
DA:16,1
DA:17,1
DA:18,1
DA:19,1
DA:20,1
DA:21,1
DA:22,1
DA:23,1
DA:24,1
DA:25,1
DA:26,1
DA:27,1
DA:29,1
DA:43,1
DA:44,1
DA:45,1
DA:46,1
DA:47,1
DA:48,1
LF:22
LH:22
BRF:0
BRH:0
end_of_record
